[2023-12-14 00:13:44.111] [jointLog] [info] setting maxHashResizeThreads to 4
[2023-12-14 00:13:44.111] [jointLog] [info] Fragment incompatibility prior below threshold.  Incompatible fragments will be ignored.
[2023-12-14 00:13:44.111] [jointLog] [info] You specified --dumpEqWeights, which implies --dumpEq; that option has been enabled.
[2023-12-14 00:13:44.111] [jointLog] [info] Usage of --validateMappings implies use of minScoreFraction. Since not explicitly specified, it is being set to 0.65
[2023-12-14 00:13:44.111] [jointLog] [info] Setting consensusSlack to selective-alignment default of 0.35.
[2023-12-14 00:13:44.111] [jointLog] [info] parsing read library format
[2023-12-14 00:13:44.116] [jointLog] [info] There is 1 library.
[2023-12-14 00:13:44.261] [jointLog] [info] Loading pufferfish index
[2023-12-14 00:13:44.264] [jointLog] [info] Loading dense pufferfish index.
[2023-12-14 00:13:50.871] [jointLog] [info] done
[2023-12-14 00:13:50.880] [jointLog] [info] Index contained 198,540 targets
[2023-12-14 00:13:52.029] [jointLog] [info] Number of decoys : 0
[2023-12-14 00:13:52.227] [jointLog] [info] Automatically detected most likely library type as IU

[2023-12-14 00:14:00.834] [fileLog] [info] 
At end of round 0
==================
Observed 1095138 total fragments (1095138 in most recent round)

[2023-12-14 00:14:00.833] [jointLog] [info] Computed 12,182 rich equivalence classes for further processing
[2023-12-14 00:14:00.833] [jointLog] [info] Counted 1,095,131 total reads in the equivalence classes 
[2023-12-14 00:14:00.837] [jointLog] [info] Number of mappings discarded because of alignment score : 982,929
[2023-12-14 00:14:00.837] [jointLog] [info] Number of fragments entirely discarded because of alignment score : 7
[2023-12-14 00:14:00.837] [jointLog] [info] Number of fragments discarded because they are best-mapped to decoys : 0
[2023-12-14 00:14:00.837] [jointLog] [info] Number of fragments discarded because they have only dovetail (discordant) mappings to valid targets : 61
[2023-12-14 00:14:00.863] [jointLog] [warning] Only 1095131 fragments were mapped, but the number of burn-in fragments was set to 5000000.
The effective lengths have been computed using the observed mappings.

[2023-12-14 00:14:00.863] [jointLog] [info] Mapping rate = 99.9994%

[2023-12-14 00:14:00.863] [jointLog] [info] finished quantifyLibrary()
[2023-12-14 00:14:00.868] [jointLog] [info] Starting optimizer
[2023-12-14 00:14:00.957] [jointLog] [info] Marked 0 weighted equivalence classes as degenerate
[2023-12-14 00:14:00.992] [jointLog] [info] iteration = 0 | max rel diff. = 466.047
[2023-12-14 00:14:01.194] [jointLog] [info] iteration 11, adjusting effective lengths to account for biases
[2023-12-14 00:14:01.998] [jointLog] [info] Computed expected counts (for bias correction)
[2023-12-14 00:14:01.998] [jointLog] [info] processed bias for 0.0% of the transcripts
[2023-12-14 00:14:02.048] [jointLog] [info] processed bias for 11.2% of the transcripts
[2023-12-14 00:14:02.090] [jointLog] [info] processed bias for 23.7% of the transcripts
[2023-12-14 00:14:02.109] [jointLog] [info] processed bias for 30.3% of the transcripts
[2023-12-14 00:14:02.148] [jointLog] [info] processed bias for 43.2% of the transcripts
[2023-12-14 00:14:02.203] [jointLog] [info] processed bias for 50.1% of the transcripts
[2023-12-14 00:14:02.223] [jointLog] [info] processed bias for 61.7% of the transcripts
[2023-12-14 00:14:02.258] [jointLog] [info] processed bias for 70.3% of the transcripts
[2023-12-14 00:14:02.299] [jointLog] [info] processed bias for 80.6% of the transcripts
[2023-12-14 00:14:02.351] [jointLog] [info] processed bias for 91.4% of the transcripts
[2023-12-14 00:14:02.428] [jointLog] [info] processed bias for 100.0% of the transcripts
[2023-12-14 00:14:03.909] [jointLog] [info] iteration = 100 | max rel diff. = 3.83882
[2023-12-14 00:14:05.523] [jointLog] [info] iteration = 200 | max rel diff. = 0.0834116
[2023-12-14 00:14:07.097] [jointLog] [info] iteration = 300 | max rel diff. = 0.110483
[2023-12-14 00:14:08.539] [jointLog] [info] iteration = 400 | max rel diff. = 0.189898
[2023-12-14 00:14:09.948] [jointLog] [info] iteration = 498 | max rel diff. = 0.0040935
[2023-12-14 00:14:09.982] [jointLog] [info] Finished optimizer
[2023-12-14 00:14:09.982] [jointLog] [info] writing output 

[2023-12-14 00:14:10.154] [jointLog] [info] Starting Gibbs Sampler
[2023-12-14 00:15:11.417] [jointLog] [info] Finished Gibbs Sampler
[2023-12-14 00:15:11.417] [jointLog] [info] writing equivalence class counts.
[2023-12-14 00:15:11.755] [jointLog] [info] done writing equivalence class counts.
