[2023-12-14 00:13:48.460] [jointLog] [info] setting maxHashResizeThreads to 4
[2023-12-14 00:13:48.460] [jointLog] [info] Fragment incompatibility prior below threshold.  Incompatible fragments will be ignored.
[2023-12-14 00:13:48.460] [jointLog] [info] You specified --dumpEqWeights, which implies --dumpEq; that option has been enabled.
[2023-12-14 00:13:48.460] [jointLog] [info] Usage of --validateMappings implies use of minScoreFraction. Since not explicitly specified, it is being set to 0.65
[2023-12-14 00:13:48.460] [jointLog] [info] Setting consensusSlack to selective-alignment default of 0.35.
[2023-12-14 00:13:48.460] [jointLog] [info] parsing read library format
[2023-12-14 00:13:48.460] [jointLog] [info] There is 1 library.
[2023-12-14 00:13:48.490] [jointLog] [info] Loading pufferfish index
[2023-12-14 00:13:48.495] [jointLog] [info] Loading dense pufferfish index.
[2023-12-14 00:13:50.872] [jointLog] [info] done
[2023-12-14 00:13:50.880] [jointLog] [info] Index contained 198,540 targets
[2023-12-14 00:13:52.010] [jointLog] [info] Number of decoys : 0
[2023-12-14 00:13:52.315] [jointLog] [info] Automatically detected most likely library type as IU

[2023-12-14 00:14:12.329] [jointLog] [info] Computed 12,940 rich equivalence classes for further processing
[2023-12-14 00:14:12.329] [jointLog] [info] Counted 2,699,081 total reads in the equivalence classes 
[2023-12-14 00:14:12.332] [jointLog] [info] Number of mappings discarded because of alignment score : 2,496,491
[2023-12-14 00:14:12.332] [jointLog] [info] Number of fragments entirely discarded because of alignment score : 4
[2023-12-14 00:14:12.332] [jointLog] [info] Number of fragments discarded because they are best-mapped to decoys : 0
[2023-12-14 00:14:12.332] [jointLog] [info] Number of fragments discarded because they have only dovetail (discordant) mappings to valid targets : 132
[2023-12-14 00:14:12.357] [jointLog] [warning] Only 2699081 fragments were mapped, but the number of burn-in fragments was set to 5000000.
The effective lengths have been computed using the observed mappings.

[2023-12-14 00:14:12.357] [jointLog] [info] Mapping rate = 99.9999%

[2023-12-14 00:14:12.357] [jointLog] [info] finished quantifyLibrary()
[2023-12-14 00:14:12.361] [jointLog] [info] Starting optimizer
[2023-12-14 00:14:12.442] [jointLog] [info] Marked 0 weighted equivalence classes as degenerate
[2023-12-14 00:14:12.460] [jointLog] [info] iteration = 0 | max rel diff. = 1095.86
[2023-12-14 00:14:12.609] [jointLog] [info] iteration 11, adjusting effective lengths to account for biases
[2023-12-14 00:14:12.329] [fileLog] [info] 
At end of round 0
==================
Observed 2699085 total fragments (2699085 in most recent round)

[2023-12-14 00:14:13.561] [jointLog] [info] Computed expected counts (for bias correction)
[2023-12-14 00:14:13.561] [jointLog] [info] processed bias for 0.4% of the transcripts
[2023-12-14 00:14:13.615] [jointLog] [info] processed bias for 11.2% of the transcripts
[2023-12-14 00:14:13.661] [jointLog] [info] processed bias for 20.8% of the transcripts
[2023-12-14 00:14:13.683] [jointLog] [info] processed bias for 30.3% of the transcripts
[2023-12-14 00:14:13.717] [jointLog] [info] processed bias for 40.4% of the transcripts
[2023-12-14 00:14:13.748] [jointLog] [info] processed bias for 50.5% of the transcripts
[2023-12-14 00:14:13.793] [jointLog] [info] processed bias for 60.0% of the transcripts
[2023-12-14 00:14:13.841] [jointLog] [info] processed bias for 70.1% of the transcripts
[2023-12-14 00:14:13.885] [jointLog] [info] processed bias for 81.2% of the transcripts
[2023-12-14 00:14:13.945] [jointLog] [info] processed bias for 90.1% of the transcripts
[2023-12-14 00:14:14.033] [jointLog] [info] processed bias for 100.0% of the transcripts
[2023-12-14 00:14:15.355] [jointLog] [info] iteration = 100 | max rel diff. = 6.77787
[2023-12-14 00:14:16.810] [jointLog] [info] iteration = 200 | max rel diff. = 0.112361
[2023-12-14 00:14:18.264] [jointLog] [info] iteration = 300 | max rel diff. = 0.220618
[2023-12-14 00:14:19.718] [jointLog] [info] iteration = 400 | max rel diff. = 1.23813
[2023-12-14 00:14:20.213] [jointLog] [info] iteration = 435 | max rel diff. = 0.00847389
[2023-12-14 00:14:20.247] [jointLog] [info] Finished optimizer
[2023-12-14 00:14:20.247] [jointLog] [info] writing output 

[2023-12-14 00:14:20.473] [jointLog] [info] Starting Gibbs Sampler
[2023-12-14 00:16:36.746] [jointLog] [info] Finished Gibbs Sampler
[2023-12-14 00:16:36.746] [jointLog] [info] writing equivalence class counts.
[2023-12-14 00:16:37.082] [jointLog] [info] done writing equivalence class counts.
