[2023-12-14 00:13:44.111] [jointLog] [info] setting maxHashResizeThreads to 4
[2023-12-14 00:13:44.111] [jointLog] [info] Fragment incompatibility prior below threshold.  Incompatible fragments will be ignored.
[2023-12-14 00:13:44.111] [jointLog] [info] You specified --dumpEqWeights, which implies --dumpEq; that option has been enabled.
[2023-12-14 00:13:44.111] [jointLog] [info] Usage of --validateMappings implies use of minScoreFraction. Since not explicitly specified, it is being set to 0.65
[2023-12-14 00:13:44.111] [jointLog] [info] Setting consensusSlack to selective-alignment default of 0.35.
[2023-12-14 00:13:44.111] [jointLog] [info] parsing read library format
[2023-12-14 00:13:44.116] [jointLog] [info] There is 1 library.
[2023-12-14 00:13:44.275] [jointLog] [info] Loading pufferfish index
[2023-12-14 00:13:44.301] [jointLog] [info] Loading dense pufferfish index.
[2023-12-14 00:13:50.872] [jointLog] [info] done
[2023-12-14 00:13:50.880] [jointLog] [info] Index contained 198,540 targets
[2023-12-14 00:13:52.004] [jointLog] [info] Number of decoys : 0
[2023-12-14 00:13:52.382] [jointLog] [info] Automatically detected most likely library type as IU

[2023-12-14 00:14:01.565] [jointLog] [info] Computed 12,192 rich equivalence classes for further processing
[2023-12-14 00:14:01.565] [jointLog] [info] Counted 1,124,078 total reads in the equivalence classes 
[2023-12-14 00:14:01.568] [jointLog] [info] Number of mappings discarded because of alignment score : 1,005,648
[2023-12-14 00:14:01.568] [jointLog] [info] Number of fragments entirely discarded because of alignment score : 7
[2023-12-14 00:14:01.568] [jointLog] [info] Number of fragments discarded because they are best-mapped to decoys : 0
[2023-12-14 00:14:01.568] [jointLog] [info] Number of fragments discarded because they have only dovetail (discordant) mappings to valid targets : 87
[2023-12-14 00:14:01.594] [jointLog] [warning] Only 1124078 fragments were mapped, but the number of burn-in fragments was set to 5000000.
The effective lengths have been computed using the observed mappings.

[2023-12-14 00:14:01.594] [jointLog] [info] Mapping rate = 99.9994%

[2023-12-14 00:14:01.594] [jointLog] [info] finished quantifyLibrary()
[2023-12-14 00:14:01.636] [jointLog] [info] Starting optimizer
[2023-12-14 00:14:01.730] [jointLog] [info] Marked 0 weighted equivalence classes as degenerate
[2023-12-14 00:14:01.745] [jointLog] [info] iteration = 0 | max rel diff. = 487.446
[2023-12-14 00:14:01.566] [fileLog] [info] 
At end of round 0
==================
Observed 1124085 total fragments (1124085 in most recent round)

[2023-12-14 00:14:01.879] [jointLog] [info] iteration 11, adjusting effective lengths to account for biases
[2023-12-14 00:14:02.653] [jointLog] [info] Computed expected counts (for bias correction)
[2023-12-14 00:14:02.653] [jointLog] [info] processed bias for 0.0% of the transcripts
[2023-12-14 00:14:02.704] [jointLog] [info] processed bias for 11.2% of the transcripts
[2023-12-14 00:14:02.747] [jointLog] [info] processed bias for 20.8% of the transcripts
[2023-12-14 00:14:02.766] [jointLog] [info] processed bias for 30.1% of the transcripts
[2023-12-14 00:14:02.796] [jointLog] [info] processed bias for 40.4% of the transcripts
[2023-12-14 00:14:02.830] [jointLog] [info] processed bias for 52.6% of the transcripts
[2023-12-14 00:14:02.855] [jointLog] [info] processed bias for 60.7% of the transcripts
[2023-12-14 00:14:02.894] [jointLog] [info] processed bias for 70.6% of the transcripts
[2023-12-14 00:14:02.936] [jointLog] [info] processed bias for 83.5% of the transcripts
[2023-12-14 00:14:03.004] [jointLog] [info] processed bias for 90.6% of the transcripts
[2023-12-14 00:14:03.112] [jointLog] [info] processed bias for 100.0% of the transcripts
[2023-12-14 00:14:04.300] [jointLog] [info] iteration = 100 | max rel diff. = 6.46296
[2023-12-14 00:14:05.621] [jointLog] [info] iteration = 200 | max rel diff. = 4.84247
[2023-12-14 00:14:06.940] [jointLog] [info] iteration = 300 | max rel diff. = 0.618891
[2023-12-14 00:14:08.256] [jointLog] [info] iteration = 400 | max rel diff. = 1.01542
[2023-12-14 00:14:09.573] [jointLog] [info] iteration = 500 | max rel diff. = 0.0552908
[2023-12-14 00:14:10.892] [jointLog] [info] iteration = 600 | max rel diff. = 0.157135
[2023-12-14 00:14:12.198] [jointLog] [info] iteration = 700 | max rel diff. = 0.00325976
[2023-12-14 00:14:12.234] [jointLog] [info] Finished optimizer
[2023-12-14 00:14:12.234] [jointLog] [info] writing output 

[2023-12-14 00:14:12.431] [jointLog] [info] Starting Gibbs Sampler
[2023-12-14 00:15:13.979] [jointLog] [info] Finished Gibbs Sampler
[2023-12-14 00:15:13.979] [jointLog] [info] writing equivalence class counts.
[2023-12-14 00:15:14.319] [jointLog] [info] done writing equivalence class counts.
