[2023-12-14 00:13:44.113] [jointLog] [info] setting maxHashResizeThreads to 4
[2023-12-14 00:13:44.113] [jointLog] [info] Fragment incompatibility prior below threshold.  Incompatible fragments will be ignored.
[2023-12-14 00:13:44.113] [jointLog] [info] You specified --dumpEqWeights, which implies --dumpEq; that option has been enabled.
[2023-12-14 00:13:44.113] [jointLog] [info] Usage of --validateMappings implies use of minScoreFraction. Since not explicitly specified, it is being set to 0.65
[2023-12-14 00:13:44.113] [jointLog] [info] Setting consensusSlack to selective-alignment default of 0.35.
[2023-12-14 00:13:44.113] [jointLog] [info] parsing read library format
[2023-12-14 00:13:44.116] [jointLog] [info] There is 1 library.
[2023-12-14 00:13:44.268] [jointLog] [info] Loading pufferfish index
[2023-12-14 00:13:44.299] [jointLog] [info] Loading dense pufferfish index.
[2023-12-14 00:13:50.872] [jointLog] [info] done
[2023-12-14 00:13:50.880] [jointLog] [info] Index contained 198,540 targets
[2023-12-14 00:13:52.003] [jointLog] [info] Number of decoys : 0
[2023-12-14 00:13:52.434] [jointLog] [info] Automatically detected most likely library type as IU

[2023-12-14 00:14:01.868] [jointLog] [info] Computed 12,670 rich equivalence classes for further processing
[2023-12-14 00:14:01.868] [jointLog] [info] Counted 1,161,604 total reads in the equivalence classes 
[2023-12-14 00:14:01.871] [jointLog] [info] Number of mappings discarded because of alignment score : 1,023,946
[2023-12-14 00:14:01.871] [jointLog] [info] Number of fragments entirely discarded because of alignment score : 3
[2023-12-14 00:14:01.871] [jointLog] [info] Number of fragments discarded because they are best-mapped to decoys : 0
[2023-12-14 00:14:01.871] [jointLog] [info] Number of fragments discarded because they have only dovetail (discordant) mappings to valid targets : 79
[2023-12-14 00:14:01.897] [jointLog] [warning] Only 1161604 fragments were mapped, but the number of burn-in fragments was set to 5000000.
The effective lengths have been computed using the observed mappings.

[2023-12-14 00:14:01.897] [jointLog] [info] Mapping rate = 99.9997%

[2023-12-14 00:14:01.897] [jointLog] [info] finished quantifyLibrary()
[2023-12-14 00:14:01.920] [jointLog] [info] Starting optimizer
[2023-12-14 00:14:02.007] [jointLog] [info] Marked 0 weighted equivalence classes as degenerate
[2023-12-14 00:14:02.021] [jointLog] [info] iteration = 0 | max rel diff. = 501.002
[2023-12-14 00:14:02.154] [jointLog] [info] iteration 11, adjusting effective lengths to account for biases
[2023-12-14 00:14:01.868] [fileLog] [info] 
At end of round 0
==================
Observed 1161607 total fragments (1161607 in most recent round)

[2023-12-14 00:14:02.958] [jointLog] [info] Computed expected counts (for bias correction)
[2023-12-14 00:14:02.958] [jointLog] [info] processed bias for 1.0% of the transcripts
[2023-12-14 00:14:03.010] [jointLog] [info] processed bias for 11.2% of the transcripts
[2023-12-14 00:14:03.052] [jointLog] [info] processed bias for 21.8% of the transcripts
[2023-12-14 00:14:03.071] [jointLog] [info] processed bias for 30.3% of the transcripts
[2023-12-14 00:14:03.103] [jointLog] [info] processed bias for 40.4% of the transcripts
[2023-12-14 00:14:03.137] [jointLog] [info] processed bias for 51.6% of the transcripts
[2023-12-14 00:14:03.162] [jointLog] [info] processed bias for 60.7% of the transcripts
[2023-12-14 00:14:03.201] [jointLog] [info] processed bias for 70.3% of the transcripts
[2023-12-14 00:14:03.249] [jointLog] [info] processed bias for 82.4% of the transcripts
[2023-12-14 00:14:03.283] [jointLog] [info] processed bias for 90.3% of the transcripts
[2023-12-14 00:14:03.391] [jointLog] [info] processed bias for 100.0% of the transcripts
[2023-12-14 00:14:04.576] [jointLog] [info] iteration = 100 | max rel diff. = 5.9022
[2023-12-14 00:14:05.890] [jointLog] [info] iteration = 200 | max rel diff. = 0.100601
[2023-12-14 00:14:07.205] [jointLog] [info] iteration = 300 | max rel diff. = 0.265241
[2023-12-14 00:14:08.520] [jointLog] [info] iteration = 400 | max rel diff. = 0.241621
[2023-12-14 00:14:09.833] [jointLog] [info] iteration = 500 | max rel diff. = 0.0115959
[2023-12-14 00:14:10.912] [jointLog] [info] iteration = 583 | max rel diff. = 0.00937947
[2023-12-14 00:14:10.947] [jointLog] [info] Finished optimizer
[2023-12-14 00:14:10.947] [jointLog] [info] writing output 

[2023-12-14 00:14:11.123] [jointLog] [info] Starting Gibbs Sampler
[2023-12-14 00:15:12.902] [jointLog] [info] Finished Gibbs Sampler
[2023-12-14 00:15:12.902] [jointLog] [info] writing equivalence class counts.
[2023-12-14 00:15:13.259] [jointLog] [info] done writing equivalence class counts.
