[2023-12-14 00:13:44.115] [jointLog] [info] setting maxHashResizeThreads to 4
[2023-12-14 00:13:44.115] [jointLog] [info] Fragment incompatibility prior below threshold.  Incompatible fragments will be ignored.
[2023-12-14 00:13:44.115] [jointLog] [info] You specified --dumpEqWeights, which implies --dumpEq; that option has been enabled.
[2023-12-14 00:13:44.115] [jointLog] [info] Usage of --validateMappings implies use of minScoreFraction. Since not explicitly specified, it is being set to 0.65
[2023-12-14 00:13:44.115] [jointLog] [info] Setting consensusSlack to selective-alignment default of 0.35.
[2023-12-14 00:13:44.115] [jointLog] [info] parsing read library format
[2023-12-14 00:13:44.116] [jointLog] [info] There is 1 library.
[2023-12-14 00:13:44.271] [jointLog] [info] Loading pufferfish index
[2023-12-14 00:13:44.299] [jointLog] [info] Loading dense pufferfish index.
[2023-12-14 00:13:50.872] [jointLog] [info] done
[2023-12-14 00:13:50.880] [jointLog] [info] Index contained 198,540 targets
[2023-12-14 00:13:52.005] [jointLog] [info] Number of decoys : 0
[2023-12-14 00:13:52.420] [jointLog] [info] Automatically detected most likely library type as IU

[2023-12-14 00:14:13.306] [fileLog] [info] 
At end of round 0
==================
Observed 2835905 total fragments (2835905 in most recent round)

[2023-12-14 00:14:13.306] [jointLog] [info] Computed 12,579 rich equivalence classes for further processing
[2023-12-14 00:14:13.306] [jointLog] [info] Counted 2,835,895 total reads in the equivalence classes 
[2023-12-14 00:14:13.309] [jointLog] [info] Number of mappings discarded because of alignment score : 2,637,393
[2023-12-14 00:14:13.309] [jointLog] [info] Number of fragments entirely discarded because of alignment score : 9
[2023-12-14 00:14:13.309] [jointLog] [info] Number of fragments discarded because they are best-mapped to decoys : 0
[2023-12-14 00:14:13.309] [jointLog] [info] Number of fragments discarded because they have only dovetail (discordant) mappings to valid targets : 70
[2023-12-14 00:14:13.334] [jointLog] [warning] Only 2835895 fragments were mapped, but the number of burn-in fragments was set to 5000000.
The effective lengths have been computed using the observed mappings.

[2023-12-14 00:14:13.334] [jointLog] [info] Mapping rate = 99.9996%

[2023-12-14 00:14:13.334] [jointLog] [info] finished quantifyLibrary()
[2023-12-14 00:14:13.350] [jointLog] [info] Starting optimizer
[2023-12-14 00:14:13.438] [jointLog] [info] Marked 0 weighted equivalence classes as degenerate
[2023-12-14 00:14:13.453] [jointLog] [info] iteration = 0 | max rel diff. = 1043.15
[2023-12-14 00:14:13.585] [jointLog] [info] iteration 11, adjusting effective lengths to account for biases
[2023-12-14 00:14:14.423] [jointLog] [info] Computed expected counts (for bias correction)
[2023-12-14 00:14:14.423] [jointLog] [info] processed bias for 1.1% of the transcripts
[2023-12-14 00:14:14.475] [jointLog] [info] processed bias for 11.2% of the transcripts
[2023-12-14 00:14:14.520] [jointLog] [info] processed bias for 25.2% of the transcripts
[2023-12-14 00:14:14.538] [jointLog] [info] processed bias for 30.3% of the transcripts
[2023-12-14 00:14:14.568] [jointLog] [info] processed bias for 40.4% of the transcripts
[2023-12-14 00:14:14.599] [jointLog] [info] processed bias for 52.6% of the transcripts
[2023-12-14 00:14:14.627] [jointLog] [info] processed bias for 60.7% of the transcripts
[2023-12-14 00:14:14.668] [jointLog] [info] processed bias for 70.1% of the transcripts
[2023-12-14 00:14:14.712] [jointLog] [info] processed bias for 81.1% of the transcripts
[2023-12-14 00:14:14.790] [jointLog] [info] processed bias for 93.2% of the transcripts
[2023-12-14 00:14:14.856] [jointLog] [info] processed bias for 100.0% of the transcripts
[2023-12-14 00:14:16.047] [jointLog] [info] iteration = 100 | max rel diff. = 1.23691
[2023-12-14 00:14:17.364] [jointLog] [info] iteration = 200 | max rel diff. = 0.0940855
[2023-12-14 00:14:18.683] [jointLog] [info] iteration = 300 | max rel diff. = 2.11645
[2023-12-14 00:14:20.001] [jointLog] [info] iteration = 400 | max rel diff. = 0.0518456
[2023-12-14 00:14:21.320] [jointLog] [info] iteration = 500 | max rel diff. = 0.153504
[2023-12-14 00:14:22.637] [jointLog] [info] iteration = 600 | max rel diff. = 0.0245374
[2023-12-14 00:14:23.957] [jointLog] [info] iteration = 700 | max rel diff. = 0.0203225
[2023-12-14 00:14:24.720] [jointLog] [info] iteration = 759 | max rel diff. = 0.00822491
[2023-12-14 00:14:24.755] [jointLog] [info] Finished optimizer
[2023-12-14 00:14:24.755] [jointLog] [info] writing output 

[2023-12-14 00:14:24.932] [jointLog] [info] Starting Gibbs Sampler
[2023-12-14 00:16:58.492] [jointLog] [info] Finished Gibbs Sampler
[2023-12-14 00:16:58.492] [jointLog] [info] writing equivalence class counts.
[2023-12-14 00:16:59.220] [jointLog] [info] done writing equivalence class counts.
