[2023-12-14 00:13:44.112] [jointLog] [info] setting maxHashResizeThreads to 4
[2023-12-14 00:13:44.112] [jointLog] [info] Fragment incompatibility prior below threshold.  Incompatible fragments will be ignored.
[2023-12-14 00:13:44.112] [jointLog] [info] You specified --dumpEqWeights, which implies --dumpEq; that option has been enabled.
[2023-12-14 00:13:44.112] [jointLog] [info] Usage of --validateMappings implies use of minScoreFraction. Since not explicitly specified, it is being set to 0.65
[2023-12-14 00:13:44.112] [jointLog] [info] Setting consensusSlack to selective-alignment default of 0.35.
[2023-12-14 00:13:44.112] [jointLog] [info] parsing read library format
[2023-12-14 00:13:44.116] [jointLog] [info] There is 1 library.
[2023-12-14 00:13:44.260] [jointLog] [info] Loading pufferfish index
[2023-12-14 00:13:44.264] [jointLog] [info] Loading dense pufferfish index.
[2023-12-14 00:13:50.871] [jointLog] [info] done
[2023-12-14 00:13:50.880] [jointLog] [info] Index contained 198,540 targets
[2023-12-14 00:13:52.025] [jointLog] [info] Number of decoys : 0
[2023-12-14 00:13:52.282] [jointLog] [info] Automatically detected most likely library type as IU

[2023-12-14 00:14:02.682] [fileLog] [info] 
At end of round 0
==================
Observed 1309386 total fragments (1309386 in most recent round)

[2023-12-14 00:14:02.682] [jointLog] [info] Computed 12,366 rich equivalence classes for further processing
[2023-12-14 00:14:02.682] [jointLog] [info] Counted 1,309,379 total reads in the equivalence classes 
[2023-12-14 00:14:02.685] [jointLog] [info] Number of mappings discarded because of alignment score : 1,199,851
[2023-12-14 00:14:02.685] [jointLog] [info] Number of fragments entirely discarded because of alignment score : 7
[2023-12-14 00:14:02.685] [jointLog] [info] Number of fragments discarded because they are best-mapped to decoys : 0
[2023-12-14 00:14:02.685] [jointLog] [info] Number of fragments discarded because they have only dovetail (discordant) mappings to valid targets : 117
[2023-12-14 00:14:02.712] [jointLog] [warning] Only 1309379 fragments were mapped, but the number of burn-in fragments was set to 5000000.
The effective lengths have been computed using the observed mappings.

[2023-12-14 00:14:02.712] [jointLog] [info] Mapping rate = 99.9995%

[2023-12-14 00:14:02.712] [jointLog] [info] finished quantifyLibrary()
[2023-12-14 00:14:02.717] [jointLog] [info] Starting optimizer
[2023-12-14 00:14:02.807] [jointLog] [info] Marked 0 weighted equivalence classes as degenerate
[2023-12-14 00:14:02.841] [jointLog] [info] iteration = 0 | max rel diff. = 612.45
[2023-12-14 00:14:03.024] [jointLog] [info] iteration 11, adjusting effective lengths to account for biases
[2023-12-14 00:14:03.844] [jointLog] [info] Computed expected counts (for bias correction)
[2023-12-14 00:14:03.844] [jointLog] [info] processed bias for 0.3% of the transcripts
[2023-12-14 00:14:03.894] [jointLog] [info] processed bias for 11.2% of the transcripts
[2023-12-14 00:14:03.939] [jointLog] [info] processed bias for 21.1% of the transcripts
[2023-12-14 00:14:03.961] [jointLog] [info] processed bias for 30.3% of the transcripts
[2023-12-14 00:14:03.993] [jointLog] [info] processed bias for 40.4% of the transcripts
[2023-12-14 00:14:04.022] [jointLog] [info] processed bias for 52.1% of the transcripts
[2023-12-14 00:14:04.056] [jointLog] [info] processed bias for 60.0% of the transcripts
[2023-12-14 00:14:04.096] [jointLog] [info] processed bias for 70.2% of the transcripts
[2023-12-14 00:14:04.137] [jointLog] [info] processed bias for 82.1% of the transcripts
[2023-12-14 00:14:04.204] [jointLog] [info] processed bias for 90.2% of the transcripts
[2023-12-14 00:14:04.319] [jointLog] [info] processed bias for 100.0% of the transcripts
[2023-12-14 00:14:05.833] [jointLog] [info] iteration = 100 | max rel diff. = 12.1722
[2023-12-14 00:14:07.509] [jointLog] [info] iteration = 200 | max rel diff. = 0.20437
[2023-12-14 00:14:09.185] [jointLog] [info] iteration = 300 | max rel diff. = 0.160388
[2023-12-14 00:14:10.141] [jointLog] [info] iteration = 358 | max rel diff. = 0.00904472
[2023-12-14 00:14:10.179] [jointLog] [info] Finished optimizer
[2023-12-14 00:14:10.179] [jointLog] [info] writing output 

[2023-12-14 00:14:10.352] [jointLog] [info] Starting Gibbs Sampler
[2023-12-14 00:15:20.723] [jointLog] [info] Finished Gibbs Sampler
[2023-12-14 00:15:20.723] [jointLog] [info] writing equivalence class counts.
[2023-12-14 00:15:21.047] [jointLog] [info] done writing equivalence class counts.
