[2023-12-14 00:13:48.452] [jointLog] [info] setting maxHashResizeThreads to 4
[2023-12-14 00:13:48.452] [jointLog] [info] Fragment incompatibility prior below threshold.  Incompatible fragments will be ignored.
[2023-12-14 00:13:48.452] [jointLog] [info] You specified --dumpEqWeights, which implies --dumpEq; that option has been enabled.
[2023-12-14 00:13:48.452] [jointLog] [info] Usage of --validateMappings implies use of minScoreFraction. Since not explicitly specified, it is being set to 0.65
[2023-12-14 00:13:48.452] [jointLog] [info] Setting consensusSlack to selective-alignment default of 0.35.
[2023-12-14 00:13:48.452] [jointLog] [info] parsing read library format
[2023-12-14 00:13:48.453] [jointLog] [info] There is 1 library.
[2023-12-14 00:13:48.486] [jointLog] [info] Loading pufferfish index
[2023-12-14 00:13:48.490] [jointLog] [info] Loading dense pufferfish index.
[2023-12-14 00:13:50.872] [jointLog] [info] done
[2023-12-14 00:13:50.880] [jointLog] [info] Index contained 198,540 targets
[2023-12-14 00:13:52.008] [jointLog] [info] Number of decoys : 0
[2023-12-14 00:13:52.267] [jointLog] [info] Automatically detected most likely library type as IU

[2023-12-14 00:14:14.694] [jointLog] [info] Computed 13,045 rich equivalence classes for further processing
[2023-12-14 00:14:14.694] [jointLog] [info] Counted 2,999,949 total reads in the equivalence classes 
[2023-12-14 00:14:14.697] [jointLog] [info] Number of mappings discarded because of alignment score : 2,803,814
[2023-12-14 00:14:14.697] [jointLog] [info] Number of fragments entirely discarded because of alignment score : 7
[2023-12-14 00:14:14.697] [jointLog] [info] Number of fragments discarded because they are best-mapped to decoys : 0
[2023-12-14 00:14:14.697] [jointLog] [info] Number of fragments discarded because they have only dovetail (discordant) mappings to valid targets : 102
[2023-12-14 00:14:14.723] [jointLog] [warning] Only 2999949 fragments were mapped, but the number of burn-in fragments was set to 5000000.
The effective lengths have been computed using the observed mappings.

[2023-12-14 00:14:14.723] [jointLog] [info] Mapping rate = 99.9998%

[2023-12-14 00:14:14.723] [jointLog] [info] finished quantifyLibrary()
[2023-12-14 00:14:14.727] [jointLog] [info] Starting optimizer
[2023-12-14 00:14:14.694] [fileLog] [info] 
At end of round 0
==================
Observed 2999956 total fragments (2999956 in most recent round)

[2023-12-14 00:14:14.810] [jointLog] [info] Marked 0 weighted equivalence classes as degenerate
[2023-12-14 00:14:14.827] [jointLog] [info] iteration = 0 | max rel diff. = 1058.6
[2023-12-14 00:14:14.977] [jointLog] [info] iteration 11, adjusting effective lengths to account for biases
[2023-12-14 00:14:15.823] [jointLog] [info] Computed expected counts (for bias correction)
[2023-12-14 00:14:15.823] [jointLog] [info] processed bias for 0.5% of the transcripts
[2023-12-14 00:14:15.872] [jointLog] [info] processed bias for 11.2% of the transcripts
[2023-12-14 00:14:15.913] [jointLog] [info] processed bias for 24.3% of the transcripts
[2023-12-14 00:14:15.931] [jointLog] [info] processed bias for 30.3% of the transcripts
[2023-12-14 00:14:15.960] [jointLog] [info] processed bias for 40.4% of the transcripts
[2023-12-14 00:14:15.986] [jointLog] [info] processed bias for 50.5% of the transcripts
[2023-12-14 00:14:16.027] [jointLog] [info] processed bias for 60.0% of the transcripts
[2023-12-14 00:14:16.061] [jointLog] [info] processed bias for 70.1% of the transcripts
[2023-12-14 00:14:16.107] [jointLog] [info] processed bias for 81.3% of the transcripts
[2023-12-14 00:14:16.151] [jointLog] [info] processed bias for 90.4% of the transcripts
[2023-12-14 00:14:16.248] [jointLog] [info] processed bias for 100.0% of the transcripts
[2023-12-14 00:14:17.594] [jointLog] [info] iteration = 100 | max rel diff. = 1.7327
[2023-12-14 00:14:19.090] [jointLog] [info] iteration = 200 | max rel diff. = 0.123329
[2023-12-14 00:14:20.582] [jointLog] [info] iteration = 300 | max rel diff. = 0.0536095
[2023-12-14 00:14:22.073] [jointLog] [info] iteration = 400 | max rel diff. = 0.969097
[2023-12-14 00:14:23.569] [jointLog] [info] iteration = 500 | max rel diff. = 0.0200999
[2023-12-14 00:14:25.062] [jointLog] [info] iteration = 600 | max rel diff. = 0.0865192
[2023-12-14 00:14:26.208] [jointLog] [info] iteration = 678 | max rel diff. = 0.00844984
[2023-12-14 00:14:26.245] [jointLog] [info] Finished optimizer
[2023-12-14 00:14:26.245] [jointLog] [info] writing output 

[2023-12-14 00:14:26.441] [jointLog] [info] Starting Gibbs Sampler
[2023-12-14 00:17:10.203] [jointLog] [info] Finished Gibbs Sampler
[2023-12-14 00:17:10.203] [jointLog] [info] writing equivalence class counts.
[2023-12-14 00:17:10.544] [jointLog] [info] done writing equivalence class counts.
